@!@!@STARTMSG 2262:0 @!@!@
TLC2 Version 2.05 of 23 July 2013
@!@!@ENDMSG 2262 @!@!@
@!@!@STARTMSG 2187:0 @!@!@
Running in Model-Checking mode.
@!@!@ENDMSG 2187 @!@!@
@!@!@STARTMSG 2220:0 @!@!@
Starting SANY...
@!@!@ENDMSG 2220 @!@!@
Parsing file MC.tla
Parsing file OneBit2ProcsSync.tla
Parsing file C:\sw\bin\toolbox\plugins\org.lamport.tlatools_1.0.0.201403132202\tla2sany\StandardModules\TLC.tla
Parsing file C:\sw\bin\toolbox\plugins\org.lamport.tlatools_1.0.0.201403132202\tla2sany\StandardModules\Integers.tla
Parsing file C:\sw\bin\toolbox\plugins\org.lamport.tlatools_1.0.0.201403132202\tla2sany\StandardModules\Naturals.tla
Parsing file OneBit2Procs.tla
Parsing file OneBitProtocol.tla
Parsing file C:\sw\bin\toolbox\plugins\org.lamport.tlatools_1.0.0.201403132202\tla2sany\StandardModules\Sequences.tla
Semantic processing of module Naturals
Semantic processing of module Integers
Semantic processing of module OneBitProtocol
Semantic processing of module OneBit2Procs
Semantic processing of module OneBit2ProcsSync
Semantic processing of module Sequences
Semantic processing of module TLC
Semantic processing of module MC
@!@!@STARTMSG 2219:0 @!@!@
SANY finished.
@!@!@ENDMSG 2219 @!@!@
@!@!@STARTMSG 2185:0 @!@!@
Starting... (2014-06-07 17:10:49)
@!@!@ENDMSG 2185 @!@!@
@!@!@STARTMSG 2212:0 @!@!@
Implied-temporal checking--satisfiability problem has 1 branches.
@!@!@ENDMSG 2212 @!@!@
@!@!@STARTMSG 2189:0 @!@!@
Computing initial states...
@!@!@ENDMSG 2189 @!@!@
@!@!@STARTMSG 2190:0 @!@!@
Finished computing initial states: 1 distinct state generated.
@!@!@ENDMSG 2190 @!@!@
@!@!@STARTMSG 2192:0 @!@!@
Checking temporal properties for the complete state space...
@!@!@ENDMSG 2192 @!@!@
@!@!@STARTMSG 2193:0 @!@!@
Model checking completed. No error has been found.
  Estimates of the probability that TLC did not check all reachable states
  because two distinct states had the same fingerprint:
  calculated (optimistic):  val = 4.9E-17
  based on the actual fingerprints:  val = 1.1E-15
@!@!@ENDMSG 2193 @!@!@
@!@!@STARTMSG 2201:0 @!@!@
The coverage statistics at 2014-06-07 17:10:50
@!@!@ENDMSG 2201 @!@!@
@!@!@STARTMSG 2221:0 @!@!@
  line 36, col 17 to line 36, col 48 of module OneBit2ProcsSync: 12
@!@!@ENDMSG 2221 @!@!@
@!@!@STARTMSG 2221:0 @!@!@
  line 37, col 17 to line 37, col 22 of module OneBit2ProcsSync: 12
@!@!@ENDMSG 2221 @!@!@
@!@!@STARTMSG 2221:0 @!@!@
  line 40, col 16 to line 40, col 45 of module OneBit2ProcsSync: 12
@!@!@ENDMSG 2221 @!@!@
@!@!@STARTMSG 2221:0 @!@!@
  line 41, col 16 to line 41, col 47 of module OneBit2ProcsSync: 12
@!@!@ENDMSG 2221 @!@!@
@!@!@STARTMSG 2221:0 @!@!@
  line 45, col 27 to line 45, col 58 of module OneBit2ProcsSync: 5
@!@!@ENDMSG 2221 @!@!@
@!@!@STARTMSG 2221:0 @!@!@
  line 47, col 38 to line 47, col 69 of module OneBit2ProcsSync: 4
@!@!@ENDMSG 2221 @!@!@
@!@!@STARTMSG 2221:0 @!@!@
  line 48, col 38 to line 48, col 69 of module OneBit2ProcsSync: 3
@!@!@ENDMSG 2221 @!@!@
@!@!@STARTMSG 2221:0 @!@!@
  line 49, col 16 to line 49, col 21 of module OneBit2ProcsSync: 12
@!@!@ENDMSG 2221 @!@!@
@!@!@STARTMSG 2221:0 @!@!@
  line 53, col 16 to line 53, col 46 of module OneBit2ProcsSync: 8
@!@!@ENDMSG 2221 @!@!@
@!@!@STARTMSG 2221:0 @!@!@
  line 54, col 16 to line 54, col 21 of module OneBit2ProcsSync: 8
@!@!@ENDMSG 2221 @!@!@
@!@!@STARTMSG 2221:0 @!@!@
  line 57, col 16 to line 57, col 43 of module OneBit2ProcsSync: 5
@!@!@ENDMSG 2221 @!@!@
@!@!@STARTMSG 2221:0 @!@!@
  line 58, col 16 to line 58, col 47 of module OneBit2ProcsSync: 5
@!@!@ENDMSG 2221 @!@!@
@!@!@STARTMSG 2221:0 @!@!@
  line 62, col 16 to line 62, col 47 of module OneBit2ProcsSync: 2
@!@!@ENDMSG 2221 @!@!@
@!@!@STARTMSG 2221:0 @!@!@
  line 63, col 16 to line 63, col 21 of module OneBit2ProcsSync: 2
@!@!@ENDMSG 2221 @!@!@
@!@!@STARTMSG 2221:0 @!@!@
  line 66, col 15 to line 66, col 45 of module OneBit2ProcsSync: 8
@!@!@ENDMSG 2221 @!@!@
@!@!@STARTMSG 2221:0 @!@!@
  line 67, col 15 to line 67, col 47 of module OneBit2ProcsSync: 8
@!@!@ENDMSG 2221 @!@!@
@!@!@STARTMSG 2202:0 @!@!@
End of statistics.
@!@!@ENDMSG 2202 @!@!@
@!@!@STARTMSG 2200:0 @!@!@
Progress(11) at 2014-06-07 17:10:50: 60 states generated (24,827 s/min), 31 distinct states found (12,827 ds/min), 0 states left on queue.
@!@!@ENDMSG 2200 @!@!@
@!@!@STARTMSG 2199:0 @!@!@
60 states generated, 31 distinct states found, 0 states left on queue.
@!@!@ENDMSG 2199 @!@!@
@!@!@STARTMSG 2194:0 @!@!@
The depth of the complete state graph search is 11.
@!@!@ENDMSG 2194 @!@!@
@!@!@STARTMSG 2186:0 @!@!@
Finished. (2014-06-07 17:10:50)
@!@!@ENDMSG 2186 @!@!@
