@!@!@STARTMSG 2262:0 @!@!@
TLC2 Version 2.05 of 23 July 2013
@!@!@ENDMSG 2262 @!@!@
@!@!@STARTMSG 2187:0 @!@!@
Running in Model-Checking mode.
@!@!@ENDMSG 2187 @!@!@
@!@!@STARTMSG 2220:0 @!@!@
Starting SANY...
@!@!@ENDMSG 2220 @!@!@
Parsing file MC.tla
Parsing file HSClock.tla
Parsing file C:\sw\bin\toolbox\plugins\org.lamport.tlatools_1.0.0.201403132202\tla2sany\StandardModules\TLC.tla
Parsing file C:\sw\bin\toolbox\plugins\org.lamport.tlatools_1.0.0.201403132202\tla2sany\StandardModules\Integers.tla
Parsing file C:\sw\bin\toolbox\plugins\org.lamport.tlatools_1.0.0.201403132202\tla2sany\StandardModules\Naturals.tla
Parsing file ClockSpec.tla
Parsing file C:\sw\bin\toolbox\plugins\org.lamport.tlatools_1.0.0.201403132202\tla2sany\StandardModules\Sequences.tla
Semantic processing of module Naturals
Semantic processing of module Integers
Semantic processing of module ClockSpec
Semantic processing of module HSClock
Semantic processing of module Sequences
Semantic processing of module TLC
Semantic processing of module MC
@!@!@STARTMSG 2219:0 @!@!@
SANY finished.
@!@!@ENDMSG 2219 @!@!@
@!@!@STARTMSG 2185:0 @!@!@
Starting... (2014-06-07 09:24:09)
@!@!@ENDMSG 2185 @!@!@
@!@!@STARTMSG 2189:0 @!@!@
Computing initial states...
@!@!@ENDMSG 2189 @!@!@
@!@!@STARTMSG 2190:0 @!@!@
Finished computing initial states: 1 distinct state generated.
@!@!@ENDMSG 2190 @!@!@
@!@!@STARTMSG 2193:0 @!@!@
Model checking completed. No error has been found.
  Estimates of the probability that TLC did not check all reachable states
  because two distinct states had the same fingerprint:
  calculated (optimistic):  val = 4.3E-19
  based on the actual fingerprints:  val = 1.2E-17
@!@!@ENDMSG 2193 @!@!@
@!@!@STARTMSG 2201:0 @!@!@
The coverage statistics at 2014-06-07 09:24:10
@!@!@ENDMSG 2201 @!@!@
@!@!@STARTMSG 2221:0 @!@!@
  line 37, col 13 to line 37, col 48 of module HSClock: 2
@!@!@ENDMSG 2221 @!@!@
@!@!@STARTMSG 2221:0 @!@!@
  line 40, col 18 to line 40, col 60 of module HSClock: 6
@!@!@ENDMSG 2221 @!@!@
@!@!@STARTMSG 2202:0 @!@!@
End of statistics.
@!@!@ENDMSG 2202 @!@!@
@!@!@STARTMSG 2200:0 @!@!@
Progress(8) at 2014-06-07 09:24:10: 9 states generated (6,279 s/min), 8 distinct states found (5,581 ds/min), 0 states left on queue.
@!@!@ENDMSG 2200 @!@!@
@!@!@STARTMSG 2199:0 @!@!@
9 states generated, 8 distinct states found, 0 states left on queue.
@!@!@ENDMSG 2199 @!@!@
@!@!@STARTMSG 2194:0 @!@!@
The depth of the complete state graph search is 8.
@!@!@ENDMSG 2194 @!@!@
@!@!@STARTMSG 2186:0 @!@!@
Finished. (2014-06-07 09:24:10)
@!@!@ENDMSG 2186 @!@!@
