@!@!@STARTMSG 2262:0 @!@!@
TLC2 Version 2.05 of 23 July 2013
@!@!@ENDMSG 2262 @!@!@
@!@!@STARTMSG 2187:0 @!@!@
Running in Model-Checking mode.
@!@!@ENDMSG 2187 @!@!@
@!@!@STARTMSG 2220:0 @!@!@
Starting SANY...
@!@!@ENDMSG 2220 @!@!@
Parsing file MC.tla
Parsing file HS.tla
Parsing file C:\sw\bin\toolbox\plugins\org.lamport.tlatools_1.0.0.201403132202\tla2sany\StandardModules\TLC.tla
Parsing file C:\sw\bin\toolbox\plugins\org.lamport.tlatools_1.0.0.201403132202\tla2sany\StandardModules\Integers.tla
Parsing file C:\sw\bin\toolbox\plugins\org.lamport.tlatools_1.0.0.201403132202\tla2sany\StandardModules\Naturals.tla
Parsing file AltSpec.tla
Parsing file C:\sw\bin\toolbox\plugins\org.lamport.tlatools_1.0.0.201403132202\tla2sany\StandardModules\Sequences.tla
Semantic processing of module Naturals
Semantic processing of module Integers
Semantic processing of module AltSpec
Semantic processing of module HS
Semantic processing of module Sequences
Semantic processing of module TLC
Semantic processing of module MC
@!@!@STARTMSG 2219:0 @!@!@
SANY finished.
@!@!@ENDMSG 2219 @!@!@
@!@!@STARTMSG 2185:0 @!@!@
Starting... (2014-06-06 16:37:52)
@!@!@ENDMSG 2185 @!@!@
@!@!@STARTMSG 2189:0 @!@!@
Computing initial states...
@!@!@ENDMSG 2189 @!@!@
@!@!@STARTMSG 2190:0 @!@!@
Finished computing initial states: 1 distinct state generated.
@!@!@ENDMSG 2190 @!@!@
@!@!@STARTMSG 2193:0 @!@!@
Model checking completed. No error has been found.
  Estimates of the probability that TLC did not check all reachable states
  because two distinct states had the same fingerprint:
  calculated (optimistic):  val = 6.5E-19
  based on the actual fingerprints:  val = 2.5E-17
@!@!@ENDMSG 2193 @!@!@
@!@!@STARTMSG 2201:0 @!@!@
The coverage statistics at 2014-06-06 16:37:52
@!@!@ENDMSG 2201 @!@!@
@!@!@STARTMSG 2221:0 @!@!@
  line 40, col 10 to line 40, col 39 of module HS: 2
@!@!@ENDMSG 2221 @!@!@
@!@!@STARTMSG 2221:0 @!@!@
  line 41, col 23 to line 41, col 23 of module HS: 2
@!@!@ENDMSG 2221 @!@!@
@!@!@STARTMSG 2221:0 @!@!@
  line 41, col 26 to line 41, col 26 of module HS: 2
@!@!@ENDMSG 2221 @!@!@
@!@!@STARTMSG 2221:0 @!@!@
  line 45, col 11 to line 45, col 39 of module HS: 2
@!@!@ENDMSG 2221 @!@!@
@!@!@STARTMSG 2221:0 @!@!@
  line 46, col 24 to line 46, col 24 of module HS: 2
@!@!@ENDMSG 2221 @!@!@
@!@!@STARTMSG 2221:0 @!@!@
  line 46, col 27 to line 46, col 27 of module HS: 2
@!@!@ENDMSG 2221 @!@!@
@!@!@STARTMSG 2221:0 @!@!@
  line 49, col 10 to line 49, col 21 of module HS: 2
@!@!@ENDMSG 2221 @!@!@
@!@!@STARTMSG 2221:0 @!@!@
  line 50, col 10 to line 50, col 38 of module HS: 2
@!@!@ENDMSG 2221 @!@!@
@!@!@STARTMSG 2221:0 @!@!@
  line 51, col 10 to line 51, col 15 of module HS: 2
@!@!@ENDMSG 2221 @!@!@
@!@!@STARTMSG 2221:0 @!@!@
  line 57, col 10 to line 57, col 39 of module HS: 2
@!@!@ENDMSG 2221 @!@!@
@!@!@STARTMSG 2221:0 @!@!@
  line 58, col 23 to line 58, col 23 of module HS: 2
@!@!@ENDMSG 2221 @!@!@
@!@!@STARTMSG 2221:0 @!@!@
  line 58, col 26 to line 58, col 26 of module HS: 2
@!@!@ENDMSG 2221 @!@!@
@!@!@STARTMSG 2221:0 @!@!@
  line 62, col 11 to line 62, col 39 of module HS: 2
@!@!@ENDMSG 2221 @!@!@
@!@!@STARTMSG 2221:0 @!@!@
  line 63, col 24 to line 63, col 24 of module HS: 2
@!@!@ENDMSG 2221 @!@!@
@!@!@STARTMSG 2221:0 @!@!@
  line 63, col 27 to line 63, col 27 of module HS: 2
@!@!@ENDMSG 2221 @!@!@
@!@!@STARTMSG 2221:0 @!@!@
  line 66, col 10 to line 66, col 21 of module HS: 2
@!@!@ENDMSG 2221 @!@!@
@!@!@STARTMSG 2221:0 @!@!@
  line 67, col 10 to line 67, col 38 of module HS: 2
@!@!@ENDMSG 2221 @!@!@
@!@!@STARTMSG 2221:0 @!@!@
  line 68, col 10 to line 68, col 15 of module HS: 2
@!@!@ENDMSG 2221 @!@!@
@!@!@STARTMSG 2202:0 @!@!@
End of statistics.
@!@!@ENDMSG 2202 @!@!@
@!@!@STARTMSG 2200:0 @!@!@
Progress(12) at 2014-06-06 16:37:52: 13 states generated (8,571 s/min), 12 distinct states found (7,912 ds/min), 0 states left on queue.
@!@!@ENDMSG 2200 @!@!@
@!@!@STARTMSG 2199:0 @!@!@
13 states generated, 12 distinct states found, 0 states left on queue.
@!@!@ENDMSG 2199 @!@!@
@!@!@STARTMSG 2194:0 @!@!@
The depth of the complete state graph search is 12.
@!@!@ENDMSG 2194 @!@!@
@!@!@STARTMSG 2186:0 @!@!@
Finished. (2014-06-06 16:37:52)
@!@!@ENDMSG 2186 @!@!@
